<?xml version="1.0" encoding="UTF-8"?>
<testng-results ignored="0" total="2" passed="2" failed="0" skipped="0">
  <reporter-output>
  </reporter-output>
  <suite started-at="2025-05-22T02:14:40 EDT" name="Default Suite" finished-at="2025-05-22T02:14:41 EDT" duration-ms="1535">
    <groups>
    </groups>
    <test started-at="2025-05-22T02:14:40 EDT" name="RESTassured" finished-at="2025-05-22T02:14:41 EDT" duration-ms="1535">
      <class name="APITest">
        <test-method signature="test1()[pri:0, instance:APITest@60704c]" started-at="2025-05-22T02:14:40 EDT" name="test1" finished-at="2025-05-22T02:14:41 EDT" duration-ms="1359" status="PASS">
          <reporter-output>
          </reporter-output>
        </test-method> <!-- test1 -->
        <test-method signature="test2()[pri:0, instance:APITest@60704c]" started-at="2025-05-22T02:14:41 EDT" name="test2" finished-at="2025-05-22T02:14:41 EDT" duration-ms="142" status="PASS">
          <reporter-output>
          </reporter-output>
        </test-method> <!-- test2 -->
      </class> <!-- APITest -->
    </test> <!-- RESTassured -->
  </suite> <!-- Default Suite -->
</testng-results>
